{
  "RSpec": {
    "coverage": {
      "/Users/Knott/Turing/module3/practice/rails_engine/spec/models/customer_spec.rb": [
        1,
        null,
        1,
        1,
        2,
        2,
        null,
        null,
        1,
        2,
        null,
        null
      ],
      "/Users/Knott/Turing/module3/practice/rails_engine/spec/rails_helper.rb": [
        null,
        1,
        1,
        null,
        1,
        1,
        1,
        1,
        null,
        null,
        null,
        null,
        null,
        null,
        null,
        null,
        null,
        null,
        null,
        null,
        null,
        null,
        null,
        null,
        null,
        null,
        null,
        1,
        null,
        1,
        1,
        1,
        1,
        null,
        null,
        null,
        1,
        null,
        1,
        null,
        null,
        null,
        null,
        1,
        null,
        null,
        null,
        null,
        null,
        null,
        null,
        null,
        null,
        null,
        null,
        null,
        null,
        null,
        1,
        null,
        null,
        1,
        null,
        null,
        null
      ],
      "/Users/Knott/Turing/module3/practice/rails_engine/config/environment.rb": [
        null,
        1,
        null,
        null,
        1
      ],
      "/Users/Knott/Turing/module3/practice/rails_engine/config/application.rb": [
        1,
        null,
        1,
        null,
        1,
        1,
        1,
        1,
        1,
        1,
        1,
        null,
        null,
        null,
        null,
        null,
        1,
        null,
        1,
        1,
        null,
        null,
        null,
        null,
        null,
        null,
        null,
        1,
        null,
        null
      ],
      "/Users/Knott/Turing/module3/practice/rails_engine/config/boot.rb": [
        1,
        null,
        1
      ],
      "/Users/Knott/Turing/module3/practice/rails_engine/config/environments/test.rb": [
        1,
        null,
        null,
        null,
        null,
        null,
        null,
        1,
        null,
        null,
        null,
        null,
        1,
        null,
        null,
        1,
        1,
        null,
        null,
        null,
        null,
        1,
        1,
        null,
        null,
        1,
        null,
        null,
        1,
        1,
        null,
        null,
        null,
        null,
        1,
        null,
        null,
        1,
        null,
        null,
        null,
        null
      ],
      "/Users/Knott/Turing/module3/practice/rails_engine/config/initializers/application_controller_renderer.rb": [
        null,
        null,
        null,
        null,
        null,
        null
      ],
      "/Users/Knott/Turing/module3/practice/rails_engine/config/initializers/backtrace_silencers.rb": [
        null,
        null,
        null,
        null,
        null,
        null,
        null
      ],
      "/Users/Knott/Turing/module3/practice/rails_engine/config/initializers/cors.rb": [
        null,
        null,
        null,
        null,
        null,
        null,
        null,
        null,
        null,
        null,
        null,
        null,
        null,
        null,
        null,
        null
      ],
      "/Users/Knott/Turing/module3/practice/rails_engine/config/initializers/filter_parameter_logging.rb": [
        null,
        null,
        null,
        1
      ],
      "/Users/Knott/Turing/module3/practice/rails_engine/config/initializers/inflections.rb": [
        null,
        null,
        null,
        null,
        null,
        null,
        null,
        null,
        null,
        null,
        null,
        null,
        null,
        null,
        null,
        null
      ],
      "/Users/Knott/Turing/module3/practice/rails_engine/config/initializers/mime_types.rb": [
        null,
        null,
        null,
        null
      ],
      "/Users/Knott/Turing/module3/practice/rails_engine/config/initializers/new_framework_defaults.rb": [
        null,
        null,
        null,
        null,
        null,
        null,
        null,
        null,
        1,
        null,
        null,
        1,
        null,
        null,
        1,
        null,
        null,
        1
      ],
      "/Users/Knott/Turing/module3/practice/rails_engine/config/initializers/wrap_parameters.rb": [
        null,
        null,
        null,
        null,
        null,
        null,
        1,
        2,
        null,
        null,
        null,
        null,
        null,
        null
      ],
      "/Users/Knott/Turing/module3/practice/rails_engine/spec/factories/customers.rb": [
        1,
        1,
        1,
        1,
        null,
        1,
        1,
        1,
        null,
        null,
        1,
        1,
        4,
        null,
        null,
        null,
        1,
        1,
        3,
        null,
        null,
        null,
        null
      ],
      "/Users/Knott/Turing/module3/practice/rails_engine/spec/factories/invoice_items.rb": [
        1,
        1,
        1,
        1,
        1,
        1,
        null,
        null
      ],
      "/Users/Knott/Turing/module3/practice/rails_engine/spec/factories/invoices.rb": [
        1,
        1,
        1,
        1,
        1,
        null,
        1,
        1,
        1,
        null,
        null,
        1,
        1,
        9,
        null,
        null,
        null,
        1,
        1,
        3,
        null,
        null,
        null,
        null,
        null,
        null,
        null,
        null
      ],
      "/Users/Knott/Turing/module3/practice/rails_engine/spec/factories/items.rb": [
        1,
        1,
        1,
        1,
        1,
        1,
        null,
        1,
        1,
        null,
        null,
        1,
        1,
        3,
        null,
        null,
        null,
        null
      ],
      "/Users/Knott/Turing/module3/practice/rails_engine/spec/factories/merchants.rb": [
        1,
        1,
        1,
        395,
        null,
        null,
        1,
        1,
        1,
        null,
        null,
        1,
        1,
        16,
        null,
        null,
        null,
        1,
        1,
        12,
        null,
        null,
        null,
        null,
        null
      ],
      "/Users/Knott/Turing/module3/practice/rails_engine/spec/factories/transactions.rb": [
        1,
        1,
        1,
        106,
        null,
        1,
        1,
        null,
        null
      ],
      "/Users/Knott/Turing/module3/practice/rails_engine/config/routes.rb": [
        1,
        1,
        1,
        1,
        1,
        1,
        1,
        1,
        1,
        1,
        1,
        1,
        null,
        1,
        1,
        1,
        1,
        null,
        1,
        1,
        1,
        1,
        1,
        null,
        1,
        1,
        1,
        null,
        1,
        1,
        1,
        1,
        1,
        1,
        1,
        null,
        1,
        1,
        1,
        null,
        null,
        1,
        1,
        1,
        1,
        null,
        1,
        1,
        1,
        1,
        1,
        1,
        null,
        null,
        1,
        1,
        1,
        1,
        null,
        1,
        1,
        1,
        null,
        null,
        1,
        1,
        1,
        1,
        null,
        1,
        1,
        null,
        null,
        null,
        null
      ],
      "/Users/Knott/Turing/module3/practice/rails_engine/spec/support/factory_girl.rb": [
        1,
        null,
        1,
        1,
        1,
        null,
        null,
        1,
        121,
        121,
        null,
        null,
        1,
        null,
        1,
        1,
        1,
        null,
        null,
        1,
        121,
        121,
        null,
        null
      ],
      "/Users/Knott/Turing/module3/practice/rails_engine/app/models/customer.rb": [
        1,
        1,
        1,
        1,
        null,
        1,
        null,
        null,
        1,
        null,
        1,
        null,
        null,
        1,
        null,
        null,
        null,
        null,
        null,
        1,
        null,
        null
      ],
      "/Users/Knott/Turing/module3/practice/rails_engine/app/models/application_record.rb": [
        1,
        1,
        null,
        1,
        15,
        null,
        null
      ],
      "/Users/Knott/Turing/module3/practice/rails_engine/spec/models/invoice_item_spec.rb": [
        1,
        null,
        1,
        1,
        2,
        2,
        2,
        2,
        null,
        null,
        1,
        1,
        1,
        1,
        null,
        null,
        1,
        null,
        null,
        1,
        1,
        1,
        null,
        null,
        null,
        1,
        null,
        null,
        1,
        1,
        1,
        null,
        null,
        1,
        null,
        null,
        1,
        1,
        1,
        1,
        null,
        null,
        1,
        null,
        null,
        1,
        1,
        1,
        1,
        null,
        null,
        1,
        null,
        null,
        1,
        2,
        2,
        null,
        null
      ],
      "/Users/Knott/Turing/module3/practice/rails_engine/app/models/invoice_item.rb": [
        1,
        1,
        1,
        1,
        1,
        null,
        1,
        1,
        null
      ],
      "/Users/Knott/Turing/module3/practice/rails_engine/spec/models/invoice_spec.rb": [
        1,
        null,
        1,
        1,
        2,
        2,
        null,
        null,
        1,
        1,
        1,
        1,
        null,
        1,
        null,
        null,
        1,
        1,
        null,
        1,
        null,
        null,
        1,
        1,
        1,
        null,
        1,
        null,
        null,
        1,
        2,
        2,
        2,
        2,
        null,
        null
      ],
      "/Users/Knott/Turing/module3/practice/rails_engine/app/models/invoice.rb": [
        1,
        1,
        1,
        null,
        1,
        1,
        1,
        1,
        1,
        null,
        null
      ],
      "/Users/Knott/Turing/module3/practice/rails_engine/spec/models/item_spec.rb": [
        1,
        null,
        1,
        1,
        2,
        2,
        2,
        2,
        null,
        null,
        1,
        1,
        1,
        null,
        null,
        null,
        1,
        null,
        null,
        1,
        1,
        1,
        null,
        null,
        1,
        null,
        null,
        1,
        1,
        1,
        null,
        null,
        1,
        null,
        null,
        1,
        1,
        1,
        null,
        null,
        1,
        null,
        null,
        1,
        1,
        null,
        null,
        null,
        1,
        null,
        null,
        1,
        2,
        2,
        2,
        null,
        null
      ],
      "/Users/Knott/Turing/module3/practice/rails_engine/app/models/item.rb": [
        1,
        1,
        1,
        1,
        1,
        null,
        1,
        1,
        1,
        null,
        1,
        null,
        null,
        null,
        null,
        1,
        null,
        null,
        1,
        null,
        null,
        null,
        null,
        null,
        null,
        2,
        null,
        null,
        1,
        null,
        null,
        null,
        null,
        1,
        null,
        null
      ],
      "/Users/Knott/Turing/module3/practice/rails_engine/spec/models/merchant_spec.rb": [
        1,
        null,
        1,
        1,
        2,
        null,
        null,
        1,
        2,
        null,
        null
      ],
      "/Users/Knott/Turing/module3/practice/rails_engine/app/models/merchant.rb": [
        1,
        1,
        1,
        1,
        null,
        1,
        2,
        1,
        null,
        null,
        1,
        null,
        null,
        null,
        null,
        2,
        null,
        null,
        1,
        null,
        null,
        null,
        null,
        null,
        1,
        null,
        null,
        1,
        null,
        null,
        null,
        null,
        null,
        null,
        1,
        null,
        null,
        1,
        null,
        null,
        null,
        1,
        null,
        null,
        1,
        null,
        null,
        null,
        null,
        null,
        null,
        null,
        2,
        null,
        null
      ],
      "/Users/Knott/Turing/module3/practice/rails_engine/spec/models/transaction_spec.rb": [
        1,
        null,
        1,
        1,
        2,
        2,
        2,
        null,
        null,
        1,
        2,
        null,
        null
      ],
      "/Users/Knott/Turing/module3/practice/rails_engine/app/models/transaction.rb": [
        1,
        1,
        1,
        null,
        239,
        7,
        null
      ],
      "/Users/Knott/Turing/module3/practice/rails_engine/spec/requests/api/v1/business_logic/all_merchants_revenue_on_date_spec.rb": [
        1,
        null,
        1,
        1,
        1,
        1,
        null,
        null,
        1,
        null,
        1,
        null,
        null,
        1,
        null,
        null,
        null,
        null,
        1,
        null,
        null,
        1,
        null,
        null,
        1,
        null,
        null,
        1,
        null,
        null,
        1,
        null,
        null,
        null,
        null,
        1,
        null,
        1,
        null,
        1,
        null,
        1,
        null,
        null,
        null,
        1,
        null,
        null,
        1,
        null,
        null,
        1,
        null,
        null,
        1,
        null,
        null,
        null,
        null,
        1,
        1,
        1,
        null,
        1,
        null,
        null
      ],
      "/Users/Knott/Turing/module3/practice/rails_engine/spec/requests/api/v1/business_logic/customer_business_intelligence_spec.rb": [
        1,
        null,
        1,
        1,
        1,
        1,
        1,
        1,
        1,
        1,
        null,
        1,
        null,
        1,
        1,
        1,
        null,
        1,
        1,
        null,
        null
      ],
      "/Users/Knott/Turing/module3/practice/rails_engine/spec/requests/api/v1/business_logic/item_business_intelligence_spec.rb": [
        1,
        null,
        1,
        1,
        1,
        1,
        1,
        1,
        1,
        1,
        1,
        1,
        1,
        1,
        null,
        null,
        1,
        null,
        1,
        1,
        null,
        1,
        1,
        1,
        null,
        null,
        1,
        1,
        1,
        1,
        1,
        1,
        1,
        1,
        1,
        1,
        1,
        1,
        1,
        1,
        1,
        1,
        null,
        1,
        null,
        1,
        null,
        1,
        1,
        null,
        null
      ],
      "/Users/Knott/Turing/module3/practice/rails_engine/spec/requests/api/v1/business_logic/merchant_business_intelligence_spec.rb": [
        1,
        null,
        1,
        null,
        1,
        4,
        4,
        4,
        4,
        4,
        4,
        null,
        null,
        1,
        1,
        null,
        1,
        null,
        1,
        null,
        null,
        1,
        1,
        1,
        null,
        1,
        null,
        null,
        1,
        1,
        1,
        10,
        10,
        10,
        10,
        10,
        null,
        null,
        null,
        1,
        null,
        1,
        1,
        null,
        1,
        1,
        null,
        null,
        1,
        1,
        1,
        1,
        1,
        1,
        1,
        1,
        1,
        1,
        null,
        1,
        1,
        null,
        1,
        null,
        1,
        1,
        null,
        1,
        1,
        1,
        null,
        null
      ],
      "/Users/Knott/Turing/module3/practice/rails_engine/spec/requests/api/v1/business_logic/top_customer_for_merchant_spec.rb": [
        1,
        null,
        1,
        1,
        1,
        1,
        1,
        1,
        null,
        null,
        null,
        null,
        null,
        1,
        null,
        1,
        null,
        1,
        null,
        1,
        null,
        1,
        null,
        1,
        null,
        1,
        null,
        1,
        null,
        null,
        null,
        1,
        null,
        1,
        null,
        1,
        null,
        1,
        null,
        1,
        null,
        1,
        null,
        1,
        null,
        1,
        null,
        null,
        null,
        1,
        1,
        1,
        null,
        1,
        1,
        1,
        null,
        null
      ],
      "/Users/Knott/Turing/module3/practice/rails_engine/spec/requests/api/v1/business_logic/top_items_by_revenue_spec.rb": [
        1,
        null,
        1,
        1,
        2,
        null,
        2,
        null,
        null,
        2,
        null,
        null,
        2,
        null,
        null,
        null,
        2,
        2,
        null,
        2,
        null,
        null,
        2,
        null,
        null,
        2,
        null,
        null,
        2,
        null,
        null,
        2,
        null,
        null,
        null,
        2,
        null,
        2,
        null,
        null,
        null,
        null,
        1,
        1,
        1,
        null,
        1,
        1,
        1,
        1,
        1,
        null,
        null,
        1,
        1,
        1,
        null,
        1,
        1,
        1,
        null,
        null
      ],
      "/Users/Knott/Turing/module3/practice/rails_engine/spec/requests/api/v1/business_logic/top_merchants_by_revenue_spec.rb": [
        1,
        null,
        1,
        1,
        null,
        2,
        null,
        null,
        2,
        null,
        null,
        2,
        null,
        null,
        2,
        null,
        null,
        null,
        null,
        2,
        null,
        null,
        2,
        null,
        2,
        null,
        2,
        null,
        2,
        null,
        null,
        null,
        2,
        null,
        2,
        null,
        2,
        null,
        2,
        null,
        null,
        null,
        2,
        null,
        null,
        2,
        null,
        null,
        2,
        null,
        null,
        2,
        null,
        null,
        null,
        null,
        1,
        1,
        1,
        null,
        1,
        1,
        1,
        null,
        null,
        1,
        1,
        1,
        null,
        1,
        1,
        null,
        null
      ],
      "/Users/Knott/Turing/module3/practice/rails_engine/spec/requests/api/v1/customers_spec.rb": [
        1,
        null,
        1,
        1,
        1,
        null,
        1,
        null,
        1,
        1,
        null,
        1,
        1,
        1,
        1,
        1,
        1,
        null,
        null,
        1,
        1,
        null,
        1,
        null,
        1,
        1,
        null,
        1,
        1,
        1,
        1,
        1,
        null,
        null
      ],
      "/Users/Knott/Turing/module3/practice/rails_engine/spec/requests/api/v1/finds/finds_customers_spec.rb": [
        1,
        null,
        1,
        1,
        1,
        1,
        null,
        1,
        null,
        1,
        1,
        null,
        1,
        1,
        1,
        1,
        1,
        null,
        null,
        1,
        1,
        1,
        null,
        1,
        null,
        1,
        1,
        1,
        null,
        1,
        1,
        1,
        1,
        1,
        1,
        null,
        null
      ],
      "/Users/Knott/Turing/module3/practice/rails_engine/spec/requests/api/v1/finds/finds_invoice_items_spec.rb": [
        1,
        null,
        1,
        1,
        10,
        10,
        10,
        10,
        null,
        null,
        null,
        null,
        10,
        null,
        null,
        null,
        null,
        10,
        null,
        null,
        1,
        1,
        1,
        null,
        1,
        1,
        null,
        null,
        1,
        1,
        1,
        null,
        1,
        1,
        null,
        null,
        1,
        1,
        1,
        null,
        1,
        1,
        null,
        null,
        1,
        1,
        1,
        null,
        1,
        1,
        1,
        null,
        null,
        1,
        1,
        1,
        null,
        1,
        1,
        1,
        null,
        null,
        1,
        1,
        1,
        null,
        1,
        1,
        null,
        null,
        1,
        1,
        1,
        null,
        1,
        1,
        2,
        2,
        null,
        null,
        null,
        1,
        1,
        1,
        null,
        1,
        1,
        2,
        2,
        null,
        null,
        null,
        1,
        1,
        1,
        null,
        1,
        1,
        2,
        2,
        null,
        null,
        null,
        1,
        1,
        1,
        null,
        1,
        1,
        2,
        2,
        null,
        null,
        null
      ],
      "/Users/Knott/Turing/module3/practice/rails_engine/spec/requests/api/v1/finds/finds_invoices_spec.rb": [
        1,
        null,
        1,
        1,
        8,
        8,
        8,
        8,
        null,
        null,
        8,
        8,
        8,
        8,
        null,
        8,
        null,
        null,
        1,
        1,
        1,
        null,
        1,
        1,
        null,
        null,
        1,
        1,
        1,
        null,
        1,
        1,
        null,
        null,
        1,
        1,
        1,
        null,
        1,
        1,
        null,
        null,
        1,
        1,
        1,
        null,
        1,
        1,
        null,
        null,
        1,
        1,
        1,
        null,
        1,
        1,
        1,
        1,
        null,
        null,
        1,
        1,
        1,
        null,
        1,
        1,
        1,
        3,
        3,
        null,
        null,
        null,
        1,
        1,
        1,
        null,
        1,
        1,
        2,
        null,
        null,
        null,
        1,
        1,
        1,
        null,
        1,
        1,
        2,
        null,
        null,
        null
      ],
      "/Users/Knott/Turing/module3/practice/rails_engine/spec/requests/api/v1/finds/finds_items_spec.rb": [
        1,
        null,
        1,
        1,
        11,
        11,
        11,
        null,
        null,
        null,
        null,
        11,
        null,
        null,
        null,
        null,
        11,
        null,
        null,
        1,
        1,
        1,
        null,
        1,
        1,
        1,
        1,
        1,
        null,
        null,
        1,
        1,
        1,
        null,
        1,
        1,
        1,
        1,
        1,
        null,
        null,
        1,
        1,
        1,
        null,
        1,
        1,
        1,
        1,
        1,
        null,
        null,
        1,
        1,
        1,
        null,
        1,
        1,
        1,
        1,
        1,
        null,
        null,
        1,
        1,
        1,
        null,
        1,
        1,
        1,
        1,
        1,
        null,
        null,
        1,
        1,
        1,
        null,
        1,
        1,
        1,
        1,
        1,
        null,
        null,
        1,
        1,
        1,
        null,
        1,
        1,
        1,
        1,
        1,
        null,
        null,
        1,
        1,
        1,
        null,
        1,
        1,
        1,
        1,
        1,
        null,
        null,
        1,
        1,
        1,
        null,
        1,
        1,
        2,
        2,
        2,
        2,
        null,
        null,
        null,
        1,
        1,
        1,
        null,
        1,
        1,
        2,
        2,
        2,
        2,
        null,
        null,
        null,
        1,
        1,
        1,
        null,
        1,
        1,
        2,
        2,
        2,
        2,
        null,
        null,
        null
      ],
      "/Users/Knott/Turing/module3/practice/rails_engine/spec/requests/api/v1/finds/finds_merchants_spec.rb": [
        1,
        null,
        1,
        1,
        1,
        1,
        null,
        1,
        null,
        1,
        1,
        null,
        1,
        1,
        1,
        1,
        null,
        null,
        1,
        1,
        1,
        null,
        1,
        null,
        1,
        1,
        1,
        null,
        1,
        1,
        1,
        1,
        1,
        null,
        null
      ],
      "/Users/Knott/Turing/module3/practice/rails_engine/spec/requests/api/v1/finds/finds_transactions_spec.rb": [
        1,
        null,
        1,
        1,
        1,
        1,
        null,
        1,
        null,
        1,
        1,
        null,
        1,
        1,
        1,
        1,
        null,
        null,
        1,
        1,
        1,
        null,
        1,
        null,
        1,
        1,
        1,
        null,
        1,
        1,
        1,
        1,
        1,
        1,
        null,
        null
      ],
      "/Users/Knott/Turing/module3/practice/rails_engine/spec/requests/api/v1/invoice_items_spec.rb": [
        1,
        null,
        1,
        1,
        1,
        1,
        1,
        1,
        null,
        1,
        1,
        1,
        3,
        3,
        3,
        3,
        3,
        null,
        1,
        3,
        3,
        3,
        3,
        null,
        null,
        null,
        1,
        1,
        1,
        1,
        1,
        null,
        1,
        1,
        1,
        1,
        1,
        null,
        null
      ],
      "/Users/Knott/Turing/module3/practice/rails_engine/spec/requests/api/v1/invoices_spec.rb": [
        1,
        null,
        1,
        1,
        1,
        1,
        1,
        1,
        null,
        1,
        1,
        1,
        3,
        3,
        3,
        3,
        null,
        1,
        3,
        3,
        3,
        null,
        null,
        null,
        1,
        1,
        1,
        1,
        1,
        null,
        1,
        1,
        1,
        null,
        null
      ],
      "/Users/Knott/Turing/module3/practice/rails_engine/spec/requests/api/v1/items_spec.rb": [
        1,
        null,
        1,
        1,
        1,
        1,
        1,
        1,
        null,
        1,
        1,
        null,
        1,
        3,
        3,
        3,
        null,
        null,
        null,
        1,
        1,
        1,
        1,
        1,
        null,
        1,
        1,
        1,
        null,
        null
      ],
      "/Users/Knott/Turing/module3/practice/rails_engine/spec/requests/api/v1/merchants_spec.rb": [
        1,
        null,
        1,
        1,
        1,
        null,
        1,
        null,
        1,
        1,
        null,
        1,
        1,
        1,
        1,
        1,
        1,
        null,
        null,
        1,
        1,
        null,
        1,
        null,
        1,
        1,
        null,
        1,
        1,
        1,
        1,
        null,
        null
      ],
      "/Users/Knott/Turing/module3/practice/rails_engine/spec/requests/api/v1/randoms/random_customer_spec.rb": [
        1,
        null,
        1,
        1,
        1,
        null,
        1,
        null,
        1,
        null,
        1,
        1,
        1,
        1,
        null,
        null
      ],
      "/Users/Knott/Turing/module3/practice/rails_engine/spec/requests/api/v1/randoms/random_invoice_item_spec.rb": [
        1,
        null,
        1,
        1,
        1,
        null,
        null,
        1,
        1,
        1,
        null,
        1,
        1,
        null,
        1,
        1,
        null,
        1,
        1,
        null,
        1,
        null,
        1,
        null,
        null
      ],
      "/Users/Knott/Turing/module3/practice/rails_engine/spec/requests/api/v1/randoms/random_invoice_spec.rb": [
        1,
        null,
        1,
        1,
        1,
        null,
        null,
        1,
        1,
        1,
        null,
        1,
        1,
        null,
        1,
        1,
        null,
        1,
        1,
        null,
        1,
        null,
        1,
        null,
        null
      ],
      "/Users/Knott/Turing/module3/practice/rails_engine/spec/requests/api/v1/randoms/random_item_spec.rb": [
        1,
        null,
        1,
        1,
        1,
        1,
        null,
        null,
        1,
        1,
        1,
        null,
        1,
        1,
        null,
        1,
        1,
        null,
        1,
        1,
        null,
        1,
        null,
        1,
        null,
        null
      ],
      "/Users/Knott/Turing/module3/practice/rails_engine/spec/requests/api/v1/randoms/random_merchant_spec.rb": [
        1,
        null,
        1,
        1,
        1,
        null,
        1,
        null,
        1,
        null,
        1,
        1,
        1,
        1,
        null,
        null
      ],
      "/Users/Knott/Turing/module3/practice/rails_engine/spec/requests/api/v1/randoms/random_transaction_spec.rb": [
        1,
        null,
        1,
        1,
        1,
        null,
        1,
        null,
        1,
        null,
        1,
        1,
        1,
        1,
        null,
        null
      ],
      "/Users/Knott/Turing/module3/practice/rails_engine/spec/requests/api/v1/relations/customer_relations_spec.rb": [
        1,
        null,
        1,
        null,
        1,
        1,
        1,
        1,
        1,
        null,
        1,
        null,
        1,
        1,
        null,
        1,
        1,
        1,
        1,
        null,
        null,
        1,
        1,
        null,
        1,
        null,
        1,
        1,
        1,
        null,
        1,
        1,
        1,
        1,
        null,
        null
      ],
      "/Users/Knott/Turing/module3/practice/rails_engine/spec/requests/api/v1/relations/invoice_item_relations_spec.rb": [
        1,
        null,
        1,
        1,
        2,
        2,
        null,
        null,
        2,
        2,
        2,
        null,
        2,
        2,
        null,
        null,
        2,
        null,
        null,
        null,
        null,
        1,
        1,
        1,
        null,
        1,
        1,
        1,
        1,
        null,
        null,
        1,
        1,
        1,
        null,
        1,
        1,
        1,
        1,
        null,
        null
      ],
      "/Users/Knott/Turing/module3/practice/rails_engine/spec/requests/api/v1/relations/invoice_relations_spec.rb": [
        1,
        null,
        1,
        1,
        1,
        1,
        null,
        1,
        null,
        1,
        1,
        null,
        1,
        1,
        2,
        2,
        null,
        null,
        null,
        1,
        1,
        1,
        1,
        null,
        1,
        1,
        1,
        1,
        null,
        null,
        1,
        1,
        1,
        1,
        null,
        null,
        null,
        null,
        1,
        null,
        null,
        1,
        1,
        null,
        1,
        1,
        1,
        1,
        null,
        null,
        1,
        1,
        1,
        1,
        1,
        null,
        1,
        1,
        null,
        null,
        1,
        1,
        1,
        1,
        1,
        null,
        1,
        null,
        null
      ],
      "/Users/Knott/Turing/module3/practice/rails_engine/spec/requests/api/v1/relations/item_relations_spec.rb": [
        1,
        null,
        1,
        1,
        1,
        null,
        1,
        null,
        1,
        1,
        null,
        1,
        1,
        1,
        1,
        null,
        null,
        1,
        1,
        null,
        1,
        null,
        1,
        null,
        1,
        1,
        1,
        1,
        null,
        null
      ],
      "/Users/Knott/Turing/module3/practice/rails_engine/spec/requests/api/v1/relations/merchant_relations_spec.rb": [
        1,
        null,
        1,
        1,
        1,
        null,
        1,
        1,
        1,
        null,
        1,
        1,
        1,
        3,
        3,
        3,
        null,
        null,
        null,
        1,
        1,
        null,
        1,
        null,
        1,
        1,
        1,
        1,
        2,
        2,
        null,
        null,
        null
      ],
      "/Users/Knott/Turing/module3/practice/rails_engine/spec/requests/api/v1/relations/transaction_relations_spec.rb": [
        1,
        null,
        1,
        1,
        1,
        1,
        1,
        1,
        null,
        1,
        null,
        1,
        null,
        1,
        1,
        1,
        1,
        null,
        null
      ],
      "/Users/Knott/Turing/module3/practice/rails_engine/spec/requests/api/v1/transactions_spec.rb": [
        1,
        null,
        1,
        1,
        1,
        null,
        1,
        null,
        1,
        1,
        null,
        1,
        1,
        1,
        1,
        1,
        1,
        null,
        null,
        1,
        1,
        null,
        1,
        null,
        1,
        1,
        null,
        1,
        1,
        1,
        1,
        1,
        null,
        null
      ],
      "/Users/Knott/Turing/module3/practice/rails_engine/app/controllers/api/v1/merchants/all_merchants_revenue_on_date_controller.rb": [
        1,
        1,
        1,
        1,
        null,
        null
      ],
      "/Users/Knott/Turing/module3/practice/rails_engine/app/controllers/application_controller.rb": [
        1,
        1,
        21,
        18,
        null,
        null
      ],
      "/Users/Knott/Turing/module3/practice/rails_engine/app/serializers/total_revenue_serializer.rb": [
        1,
        1,
        null,
        1,
        1,
        null,
        null,
        1,
        1,
        null,
        null
      ],
      "/Users/Knott/Turing/module3/practice/rails_engine/app/controllers/api/v1/customers/favorite_merchant_controller.rb": [
        1,
        1,
        1,
        null,
        null
      ],
      "/Users/Knott/Turing/module3/practice/rails_engine/app/serializers/merchant_serializer.rb": [
        1,
        1,
        null
      ],
      "/Users/Knott/Turing/module3/practice/rails_engine/app/controllers/api/v1/items/most_items_controller.rb": [
        1,
        1,
        1,
        null,
        null
      ],
      "/Users/Knott/Turing/module3/practice/rails_engine/app/serializers/item_serializer.rb": [
        1,
        1,
        null,
        1,
        33,
        null,
        null,
        1,
        33,
        null,
        null
      ],
      "/Users/Knott/Turing/module3/practice/rails_engine/app/controllers/api/v1/items/best_day_controller.rb": [
        1,
        1,
        1,
        null,
        null
      ],
      "/Users/Knott/Turing/module3/practice/rails_engine/app/serializers/best_day_serializer.rb": [
        1,
        1,
        null,
        1,
        1,
        null,
        null
      ],
      "/Users/Knott/Turing/module3/practice/rails_engine/app/controllers/api/v1/merchants/merchant_revenue_controller.rb": [
        1,
        null,
        1,
        2,
        null,
        null,
        null
      ],
      "/Users/Knott/Turing/module3/practice/rails_engine/app/serializers/revenue_serializer.rb": [
        1,
        1,
        null,
        1,
        2,
        null,
        null,
        1,
        2,
        null,
        null
      ],
      "/Users/Knott/Turing/module3/practice/rails_engine/app/controllers/api/v1/merchants/most_items_controller.rb": [
        1,
        1,
        1,
        null,
        null,
        null
      ],
      "/Users/Knott/Turing/module3/practice/rails_engine/app/controllers/api/v1/merchants/customers_with_pending_invoices_controller.rb": [
        1,
        1,
        1,
        null,
        null
      ],
      "/Users/Knott/Turing/module3/practice/rails_engine/app/serializers/customer_serializer.rb": [
        1,
        1,
        null
      ],
      "/Users/Knott/Turing/module3/practice/rails_engine/app/controllers/api/v1/merchants/top_customer_for_merchant_controller.rb": [
        1,
        null,
        1,
        1,
        null,
        null,
        null
      ],
      "/Users/Knott/Turing/module3/practice/rails_engine/app/controllers/api/v1/items/top_items_by_revenue_controller.rb": [
        1,
        1,
        2,
        2,
        null,
        null,
        1,
        2,
        1,
        null,
        null
      ],
      "/Users/Knott/Turing/module3/practice/rails_engine/app/controllers/api/v1/merchants/top_merchants_by_revenue_controller.rb": [
        1,
        1,
        2,
        2,
        null,
        null,
        1,
        2,
        1,
        null,
        null
      ],
      "/Users/Knott/Turing/module3/practice/rails_engine/app/controllers/api/v1/customers_controller.rb": [
        1,
        1,
        1,
        null,
        null,
        1,
        1,
        null,
        null
      ],
      "/Users/Knott/Turing/module3/practice/rails_engine/app/controllers/api/v1/customers/finds_customers_controller.rb": [
        1,
        null,
        1,
        1,
        null,
        null,
        1,
        1,
        null,
        null,
        1,
        null,
        1,
        2,
        null,
        null
      ],
      "/Users/Knott/Turing/module3/practice/rails_engine/app/controllers/api/v1/invoice_items/finds_invoice_items_controller.rb": [
        1,
        null,
        1,
        5,
        null,
        null,
        1,
        5,
        null,
        null,
        1,
        null,
        1,
        10,
        10,
        null,
        null,
        null
      ],
      "/Users/Knott/Turing/module3/practice/rails_engine/app/serializers/invoice_item_serializer.rb": [
        1,
        1,
        null,
        1,
        28,
        null,
        null,
        1,
        28,
        null,
        null,
        null
      ],
      "/Users/Knott/Turing/module3/practice/rails_engine/app/controllers/api/v1/invoices/finds_invoices_controller.rb": [
        1,
        null,
        1,
        4,
        null,
        null,
        1,
        4,
        null,
        null,
        1,
        null,
        1,
        8,
        null,
        null,
        null
      ],
      "/Users/Knott/Turing/module3/practice/rails_engine/app/serializers/invoice_serializer.rb": [
        1,
        1,
        null
      ],
      "/Users/Knott/Turing/module3/practice/rails_engine/app/controllers/api/v1/items/finds_items_controller.rb": [
        1,
        null,
        1,
        4,
        null,
        null,
        1,
        7,
        null,
        null,
        1,
        null,
        1,
        11,
        11,
        null,
        null,
        null
      ],
      "/Users/Knott/Turing/module3/practice/rails_engine/app/controllers/api/v1/merchants/finds_merchants_controller.rb": [
        1,
        null,
        1,
        1,
        null,
        null,
        1,
        1,
        null,
        null,
        1,
        null,
        1,
        2,
        null,
        null
      ],
      "/Users/Knott/Turing/module3/practice/rails_engine/app/controllers/api/v1/transactions/finds_transactions_controller.rb": [
        1,
        null,
        1,
        1,
        null,
        null,
        1,
        1,
        null,
        null,
        1,
        1,
        2,
        null,
        null,
        null
      ],
      "/Users/Knott/Turing/module3/practice/rails_engine/app/serializers/transaction_serializer.rb": [
        1,
        1,
        null
      ],
      "/Users/Knott/Turing/module3/practice/rails_engine/app/controllers/api/v1/invoice_items_controller.rb": [
        1,
        null,
        1,
        1,
        null,
        null,
        1,
        1,
        null,
        null,
        null
      ],
      "/Users/Knott/Turing/module3/practice/rails_engine/app/controllers/api/v1/invoices_controller.rb": [
        1,
        null,
        1,
        1,
        null,
        null,
        1,
        1,
        null,
        null,
        null
      ],
      "/Users/Knott/Turing/module3/practice/rails_engine/app/controllers/api/v1/items_controller.rb": [
        1,
        null,
        1,
        1,
        null,
        null,
        1,
        1,
        null,
        null,
        null
      ],
      "/Users/Knott/Turing/module3/practice/rails_engine/app/controllers/api/v1/merchants_controller.rb": [
        1,
        null,
        1,
        1,
        null,
        null,
        1,
        1,
        null,
        null
      ],
      "/Users/Knott/Turing/module3/practice/rails_engine/app/controllers/api/v1/customers/random_customers_controller.rb": [
        1,
        1,
        1,
        null,
        null
      ],
      "/Users/Knott/Turing/module3/practice/rails_engine/app/controllers/api/v1/invoice_items/random_invoice_items_controller.rb": [
        1,
        1,
        4,
        null,
        null
      ],
      "/Users/Knott/Turing/module3/practice/rails_engine/app/controllers/api/v1/invoices/random_invoices_controller.rb": [
        1,
        1,
        4,
        null,
        null
      ],
      "/Users/Knott/Turing/module3/practice/rails_engine/app/controllers/api/v1/items/random_items_controller.rb": [
        1,
        1,
        4,
        null,
        null
      ],
      "/Users/Knott/Turing/module3/practice/rails_engine/app/controllers/api/v1/merchants/random_merchants_controller.rb": [
        1,
        null,
        1,
        1,
        null,
        null
      ],
      "/Users/Knott/Turing/module3/practice/rails_engine/app/controllers/api/v1/transactions/random_transactions_controller.rb": [
        1,
        1,
        1,
        null,
        null
      ],
      "/Users/Knott/Turing/module3/practice/rails_engine/app/controllers/api/v1/customers/customer_invoices_controller.rb": [
        1,
        1,
        1,
        null,
        null
      ],
      "/Users/Knott/Turing/module3/practice/rails_engine/app/controllers/api/v1/customers/customer_transactions_controller.rb": [
        1,
        1,
        1,
        null,
        null
      ],
      "/Users/Knott/Turing/module3/practice/rails_engine/app/controllers/api/v1/invoice_items/invoice_item_invoice_controller.rb": [
        1,
        null,
        1,
        1,
        1,
        null,
        null,
        null
      ],
      "/Users/Knott/Turing/module3/practice/rails_engine/app/controllers/api/v1/invoice_items/invoice_item_item_controller.rb": [
        1,
        null,
        1,
        1,
        1,
        null,
        null,
        null
      ],
      "/Users/Knott/Turing/module3/practice/rails_engine/app/controllers/api/v1/invoices/invoice_transactions_controller.rb": [
        1,
        null,
        1,
        1,
        1,
        null,
        null,
        null
      ],
      "/Users/Knott/Turing/module3/practice/rails_engine/app/controllers/api/v1/invoices/invoice_invoice_items_controller.rb": [
        1,
        null,
        1,
        1,
        1,
        null,
        null,
        null
      ],
      "/Users/Knott/Turing/module3/practice/rails_engine/app/controllers/api/v1/invoices/invoice_items_controller.rb": [
        1,
        null,
        1,
        1,
        1,
        null,
        null,
        null
      ],
      "/Users/Knott/Turing/module3/practice/rails_engine/app/controllers/api/v1/invoices/invoice_customer_controller.rb": [
        1,
        null,
        1,
        1,
        1,
        null,
        null,
        null
      ],
      "/Users/Knott/Turing/module3/practice/rails_engine/app/controllers/api/v1/invoices/invoice_merchant_controller.rb": [
        1,
        null,
        1,
        1,
        1,
        null,
        null,
        null
      ],
      "/Users/Knott/Turing/module3/practice/rails_engine/app/controllers/api/v1/items/item_invoice_items_controller.rb": [
        1,
        1,
        1,
        null,
        null
      ],
      "/Users/Knott/Turing/module3/practice/rails_engine/app/controllers/api/v1/items/item_merchants_controller.rb": [
        1,
        1,
        1,
        null,
        null
      ],
      "/Users/Knott/Turing/module3/practice/rails_engine/app/controllers/api/v1/merchants/merchant_items_controller.rb": [
        1,
        1,
        1,
        null,
        null,
        null
      ],
      "/Users/Knott/Turing/module3/practice/rails_engine/app/controllers/api/v1/merchants/merchant_invoices_controller.rb": [
        1,
        1,
        1,
        null,
        null
      ],
      "/Users/Knott/Turing/module3/practice/rails_engine/app/controllers/api/v1/transactions/transaction_invoices_controller.rb": [
        1,
        1,
        1,
        null,
        null
      ],
      "/Users/Knott/Turing/module3/practice/rails_engine/app/controllers/api/v1/transactions_controller.rb": [
        1,
        null,
        1,
        1,
        null,
        null,
        1,
        1,
        null,
        null,
        null
      ]
    },
    "timestamp": 1485532320
  }
}
